# JRE version: Java(TM) SE Runtime Environment (8.0_77-b03) (build 1.8.0_77-b03)
# Java VM: Java HotSpot(TM) 64-Bit Server VM (25.77-b03 mixed mode windows-amd64 compressed oops)
Heap:
 PSYoungGen      total 37888K, used 23638K [0x00000000d5600000, 0x00000000d8800000, 0x0000000100000000)
  eden space 33280K, 70% used [0x00000000d5600000,0x00000000d6cfdaa8,0x00000000d7680000)
  from space 4608K, 2% used [0x00000000d7f00000,0x00000000d7f18000,0x00000000d8380000)
  to   space 4096K, 0% used [0x00000000d8400000,0x00000000d8400000,0x00000000d8800000)
 ParOldGen       total 87552K, used 11317K [0x0000000080200000, 0x0000000085780000, 0x00000000d5600000)
  object space 87552K, 12% used [0x0000000080200000,0x0000000080d0d430,0x0000000085780000)
 Metaspace       used 11982K, capacity 12192K, committed 12416K, reserved 1060864K
  class space    used 1269K, capacity 1351K, committed 1408K, reserved 1048576K
GC Heap History (10 events):
Event: 37.622 GC heap before
{Heap before GC invocations=23 (full 0):
 PSYoungGen      total 40448K, used 35424K [0x00000000d5600000, 0x00000000d8380000, 0x0000000100000000)
  eden space 35328K, 100% used [0x00000000d5600000,0x00000000d7880000,0x00000000d7880000)
  from space 5120K, 1% used [0x00000000d7e80000,0x00000000d7e98000,0x00000000d8380000)
  to   space 5632K, 0% used [0x00000000d7880000,0x00000000d7880000,0x00000000d7e00000)
 ParOldGen       total 87552K, used 11245K [0x0000000080200000, 0x0000000085780000, 0x00000000d5600000)
  object space 87552K, 12% used [0x0000000080200000,0x0000000080cfb430,0x0000000085780000)
 Metaspace       used 11952K, capacity 12128K, committed 12416K, reserved 1060864K
  class space    used 1269K, capacity 1351K, committed 1408K, reserved 1048576K
Event: 37.623 GC heap after
Heap after GC invocations=23 (full 0):
 PSYoungGen      total 40960K, used 64K [0x00000000d5600000, 0x00000000d9180000, 0x0000000100000000)
  eden space 35328K, 0% used [0x00000000d5600000,0x00000000d5600000,0x00000000d7880000)
  from space 5632K, 1% used [0x00000000d7880000,0x00000000d7890000,0x00000000d7e00000)
  to   space 5632K, 0% used [0x00000000d8c00000,0x00000000d8c00000,0x00000000d9180000)
 ParOldGen       total 87552K, used 11253K [0x0000000080200000, 0x0000000085780000, 0x00000000d5600000)
  object space 87552K, 12% used [0x0000000080200000,0x0000000080cfd430,0x0000000085780000)
 Metaspace       used 11952K, capacity 12128K, committed 12416K, reserved 1060864K
  class space    used 1269K, capacity 1351K, committed 1408K, reserved 1048576K
}
Event: 39.560 GC heap before
{Heap before GC invocations=24 (full 0):
 PSYoungGen      total 40960K, used 35392K [0x00000000d5600000, 0x00000000d9180000, 0x0000000100000000)
  eden space 35328K, 100% used [0x00000000d5600000,0x00000000d7880000,0x00000000d7880000)
  from space 5632K, 1% used [0x00000000d7880000,0x00000000d7890000,0x00000000d7e00000)
  to   space 5632K, 0% used [0x00000000d8c00000,0x00000000d8c00000,0x00000000d9180000)
 ParOldGen       total 87552K, used 11253K [0x0000000080200000, 0x0000000085780000, 0x00000000d5600000)
  object space 87552K, 12% used [0x0000000080200000,0x0000000080cfd430,0x0000000085780000)
 Metaspace       used 11978K, capacity 12192K, committed 12416K, reserved 1060864K
  class space    used 1269K, capacity 1351K, committed 1408K, reserved 1048576K
Event: 39.560 GC heap after
Heap after GC invocations=24 (full 0):
 PSYoungGen      total 35328K, used 64K [0x00000000d5600000, 0x00000000d8c80000, 0x0000000100000000)
  eden space 34816K, 0% used [0x00000000d5600000,0x00000000d5600000,0x00000000d7800000)
  from space 512K, 12% used [0x00000000d8c00000,0x00000000d8c10000,0x00000000d8c80000)
  to   space 5120K, 0% used [0x00000000d8280000,0x00000000d8280000,0x00000000d8780000)
 ParOldGen       total 87552K, used 11269K [0x0000000080200000, 0x0000000085780000, 0x00000000d5600000)
  object space 87552K, 12% used [0x0000000080200000,0x0000000080d01430,0x0000000085780000)
 Metaspace       used 11978K, capacity 12192K, committed 12416K, reserved 1060864K
  class space    used 1269K, capacity 1351K, committed 1408K, reserved 1048576K
}
Event: 41.464 GC heap before
{Heap before GC invocations=25 (full 0):
 PSYoungGen      total 35328K, used 34880K [0x00000000d5600000, 0x00000000d8c80000, 0x0000000100000000)
  eden space 34816K, 100% used [0x00000000d5600000,0x00000000d7800000,0x00000000d7800000)
  from space 512K, 12% used [0x00000000d8c00000,0x00000000d8c10000,0x00000000d8c80000)
  to   space 5120K, 0% used [0x00000000d8280000,0x00000000d8280000,0x00000000d8780000)
 ParOldGen       total 87552K, used 11269K [0x0000000080200000, 0x0000000085780000, 0x00000000d5600000)
  object space 87552K, 12% used [0x0000000080200000,0x0000000080d01430,0x0000000085780000)
 Metaspace       used 11978K, capacity 12192K, committed 12416K, reserved 1060864K
  class space    used 1269K, capacity 1351K, committed 1408K, reserved 1048576K
Event: 41.465 GC heap after
Heap after GC invocations=25 (full 0):
 PSYoungGen      total 39424K, used 96K [0x00000000d5600000, 0x00000000d8c80000, 0x0000000100000000)
  eden space 34304K, 0% used [0x00000000d5600000,0x00000000d5600000,0x00000000d7780000)
  from space 5120K, 1% used [0x00000000d8280000,0x00000000d8298000,0x00000000d8780000)
  to   space 5120K, 0% used [0x00000000d8780000,0x00000000d8780000,0x00000000d8c80000)
 ParOldGen       total 87552K, used 11293K [0x0000000080200000, 0x0000000085780000, 0x00000000d5600000)
  object space 87552K, 12% used [0x0000000080200000,0x0000000080d07430,0x0000000085780000)
 Metaspace       used 11978K, capacity 12192K, committed 12416K, reserved 1060864K
  class space    used 1269K, capacity 1351K, committed 1408K, reserved 1048576K
}
Event: 43.332 GC heap before
{Heap before GC invocations=26 (full 0):
 PSYoungGen      total 39424K, used 34400K [0x00000000d5600000, 0x00000000d8c80000, 0x0000000100000000)
  eden space 34304K, 100% used [0x00000000d5600000,0x00000000d7780000,0x00000000d7780000)
  from space 5120K, 1% used [0x00000000d8280000,0x00000000d8298000,0x00000000d8780000)
  to   space 5120K, 0% used [0x00000000d8780000,0x00000000d8780000,0x00000000d8c80000)
 ParOldGen       total 87552K, used 11293K [0x0000000080200000, 0x0000000085780000, 0x00000000d5600000)
  object space 87552K, 12% used [0x0000000080200000,0x0000000080d07430,0x0000000085780000)
 Metaspace       used 11978K, capacity 12192K, committed 12416K, reserved 1060864K
  class space    used 1269K, capacity 1351K, committed 1408K, reserved 1048576K
Event: 43.332 GC heap after
Heap after GC invocations=26 (full 0):
 PSYoungGen      total 34304K, used 96K [0x00000000d5600000, 0x00000000d8800000, 0x0000000100000000)
  eden space 33792K, 0% used [0x00000000d5600000,0x00000000d5600000,0x00000000d7700000)
  from space 512K, 18% used [0x00000000d8780000,0x00000000d8798000,0x00000000d8800000)
  to   space 4608K, 0% used [0x00000000d7f00000,0x00000000d7f00000,0x00000000d8380000)
 ParOldGen       total 87552K, used 11317K [0x0000000080200000, 0x0000000085780000, 0x00000000d5600000)
  object space 87552K, 12% used [0x0000000080200000,0x0000000080d0d430,0x0000000085780000)
 Metaspace       used 11978K, capacity 12192K, committed 12416K, reserved 1060864K
  class space    used 1269K, capacity 1351K, committed 1408K, reserved 1048576K
}
Event: 45.160 GC heap before
{Heap before GC invocations=27 (full 0):
 PSYoungGen      total 34304K, used 33888K [0x00000000d5600000, 0x00000000d8800000, 0x0000000100000000)
  eden space 33792K, 100% used [0x00000000d5600000,0x00000000d7700000,0x00000000d7700000)
  from space 512K, 18% used [0x00000000d8780000,0x00000000d8798000,0x00000000d8800000)
  to   space 4608K, 0% used [0x00000000d7f00000,0x00000000d7f00000,0x00000000d8380000)
 ParOldGen       total 87552K, used 11317K [0x0000000080200000, 0x0000000085780000, 0x00000000d5600000)
  object space 87552K, 12% used [0x0000000080200000,0x0000000080d0d430,0x0000000085780000)
 Metaspace       used 11978K, capacity 12192K, committed 12416K, reserved 1060864K
  class space    used 1269K, capacity 1351K, committed 1408K, reserved 1048576K
Event: 45.160 GC heap after
Heap after GC invocations=27 (full 0):
 PSYoungGen      total 37888K, used 96K [0x00000000d5600000, 0x00000000d8800000, 0x0000000100000000)
  eden space 33280K, 0% used [0x00000000d5600000,0x00000000d5600000,0x00000000d7680000)
  from space 4608K, 2% used [0x00000000d7f00000,0x00000000d7f18000,0x00000000d8380000)
  to   space 4096K, 0% used [0x00000000d8400000,0x00000000d8400000,0x00000000d8800000)
 ParOldGen       total 87552K, used 11317K [0x0000000080200000, 0x0000000085780000, 0x00000000d5600000)
  object space 87552K, 12% used [0x0000000080200000,0x0000000080d0d430,0x0000000085780000)
 Metaspace       used 11978K, capacity 12192K, committed 12416K, reserved 1060864K
  class space    used 1269K, capacity 1351K, committed 1408K, reserved 1048576K
}

